
> full-advance-backend@1.0.0 dev
> ts-node-dev --respawn --transpile-only src/index.ts

[INFO] 11:38:00 ts-node-dev ver. 2.0.0 (using ts-node ver. 10.9.2, typescript ver. 5.9.3)
Full Advance backend corriendo en http://localhost:3001
[INFO] 11:47:29 Restarting: C:\Users\joaco\Desktop\Apps\full-advance\backend\src\index.ts has been modified
Full Advance backend corriendo en http://localhost:3001
[INFO] 11:47:48 Restarting: C:\Users\joaco\Desktop\Apps\full-advance\backend\src\index.ts has been modified
Full Advance backend corriendo en http://localhost:3001
[INFO] 22:39:28 Restarting: C:\Users\joaco\Desktop\Apps\full-advance\backend\src\routes\asignaciones.ts has been modified
Full Advance backend corriendo en http://localhost:3001
[INFO] 22:42:21 Restarting: C:\Users\joaco\Desktop\Apps\full-advance\backend\src\routes\asignaciones.ts has been modified
Full Advance backend corriendo en http://localhost:3001
[INFO] 22:42:25 Restarting: C:\Users\joaco\Desktop\Apps\full-advance\backend\src\routes\asignaciones.ts has been modified
Full Advance backend corriendo en http://localhost:3001
[INFO] 22:48:20 Restarting: C:\Users\joaco\Desktop\Apps\full-advance\backend\src\routes\asignaciones.ts has been modified
Full Advance backend corriendo en http://localhost:3001
[INFO] 22:55:04 Restarting: C:\Users\joaco\Desktop\Apps\full-advance\backend\src\routes\jornadas.ts has been modified
Full Advance backend corriendo en http://localhost:3001
[INFO] 22:55:33 Restarting: C:\Users\joaco\Desktop\Apps\full-advance\backend\src\routes\jornadas.ts has been modified
Full Advance backend corriendo en http://localhost:3001
[INFO] 22:56:41 Restarting: C:\Users\joaco\Desktop\Apps\full-advance\backend\src\routes\asignaciones.ts has been modified
Full Advance backend corriendo en http://localhost:3001
[INFO] 22:56:49 Restarting: C:\Users\joaco\Desktop\Apps\full-advance\backend\src\routes\paradas.ts has been modified
Full Advance backend corriendo en http://localhost:3001
[INFO] 22:56:59 Restarting: C:\Users\joaco\Desktop\Apps\full-advance\backend\src\routes\paradas.ts has been modified
Full Advance backend corriendo en http://localhost:3001
[INFO] 23:07:32 Restarting: C:\Users\joaco\Desktop\Apps\full-advance\backend\src\index.ts has been modified
Full Advance backend corriendo en http://localhost:3001
[INFO] 23:07:39 Restarting: C:\Users\joaco\Desktop\Apps\full-advance\backend\src\routes\clientes.ts has been modified
Full Advance backend corriendo en http://localhost:3001
[INFO] 23:07:46 Restarting: C:\Users\joaco\Desktop\Apps\full-advance\backend\src\routes\clientes.ts has been modified
Full Advance backend corriendo en http://localhost:3001
[INFO] 23:24:23 Restarting: C:\Users\joaco\Desktop\Apps\full-advance\backend\src\index.ts has been modified
Full Advance backend corriendo en http://localhost:3001
[INFO] 23:24:33 Restarting: C:\Users\joaco\Desktop\Apps\full-advance\backend\src\routes\paradas.ts has been modified
Full Advance backend corriendo en http://localhost:3001
[INFO] 23:24:39 Restarting: C:\Users\joaco\Desktop\Apps\full-advance\backend\src\routes\paradas.ts has been modified
Full Advance backend corriendo en http://localhost:3001
[INFO] 23:24:44 Restarting: C:\Users\joaco\Desktop\Apps\full-advance\backend\src\routes\paradas.ts has been modified
Full Advance backend corriendo en http://localhost:3001
[INFO] 23:31:45 Restarting: C:\Users\joaco\Desktop\Apps\full-advance\backend\src\index.ts has been modified
Full Advance backend corriendo en http://localhost:3001
[INFO] 23:31:55 Restarting: C:\Users\joaco\Desktop\Apps\full-advance\backend\src\routes\paradas.ts has been modified
Full Advance backend corriendo en http://localhost:3001
[INFO] 23:44:13 Restarting: C:\Users\joaco\Desktop\Apps\full-advance\backend\src\routes\jornadas.ts has been modified
Full Advance backend corriendo en http://localhost:3001
[INFO] 23:44:23 Restarting: C:\Users\joaco\Desktop\Apps\full-advance\backend\src\routes\jornadas.ts has been modified
Full Advance backend corriendo en http://localhost:3001
[INFO] 23:56:12 Restarting: C:\Users\joaco\Desktop\Apps\full-advance\backend\src\index.ts has been modified
Full Advance backend corriendo en http://localhost:3001
[INFO] 23:56:25 Restarting: C:\Users\joaco\Desktop\Apps\full-advance\backend\src\routes\paradas.ts has been modified
Full Advance backend corriendo en http://localhost:3001
